app/build/outputs/logs/manifest-merger-debug-report.txt
-- Merging decision tree log ---
manifest
ADDED from AndroidManifest.xml:2:1
	package
		ADDED from AndroidManifest.xml:3:11
		INJECTED from AndroidManifest.xml:0:0
		INJECTED from AndroidManifest.xml:0:0
	android:versionName
		ADDED from AndroidManifest.xml:5:11
	android:versionCode
		ADDED from AndroidManifest.xml:4:11
		INJECTED from AndroidManifest.xml:0:0
		INJECTED from AndroidManifest.xml:0:0
	xmlns:android
		ADDED from AndroidManifest.xml:2:11
uses-sdk
ADDED from AndroidManifest.xml:7:3
MERGED from com.android.support:support-v4:22.2.0:20:5
	android:targetSdkVersion
		INJECTED from AndroidManifest.xml:0:0
		INJECTED from AndroidManifest.xml:0:0
	android:minSdkVersion
		ADDED from AndroidManifest.xml:7:13
		INJECTED from AndroidManifest.xml:0:0
		INJECTED from AndroidManifest.xml:0:0
application
ADDED from AndroidManifest.xml:8:3
MERGED from com.android.support:support-v4:22.2.0:22:5
	android:label
		ADDED from AndroidManifest.xml:9:5
	android:icon
		ADDED from AndroidManifest.xml:10:5
activity#chan.android.threading.SimpleLooperWithMessageQueue
ADDED from AndroidManifest.xml:11:5
	android:label
		ADDED from AndroidManifest.xml:13:7
	android:name
		ADDED from AndroidManifest.xml:12:7
intent-filter#android.intent.action.MAIN+android.intent.category.LAUNCHER
ADDED from AndroidManifest.xml:14:7
action#android.intent.action.MAIN
ADDED from AndroidManifest.xml:15:9
	android:name
		ADDED from AndroidManifest.xml:15:17
category#android.intent.category.LAUNCHER
ADDED from AndroidManifest.xml:16:9
	android:name
		ADDED from AndroidManifest.xml:16:19
activity#chan.android.threading.rx.RxExampleActivity
ADDED from AndroidManifest.xml:20:5
	android:label
		ADDED from AndroidManifest.xml:22:7
	android:name
		ADDED from AndroidManifest.xml:21:7
activity#chan.android.threading.service.intent.PrimeActivity
ADDED from AndroidManifest.xml:29:5
	android:label
		ADDED from AndroidManifest.xml:31:7
	android:name
		ADDED from AndroidManifest.xml:30:7
activity#chan.android.threading.async.TestAsyncTaskActivity
ADDED from AndroidManifest.xml:38:5
	android:label
		ADDED from AndroidManifest.xml:40:7
	android:name
		ADDED from AndroidManifest.xml:39:7
service#chan.android.threading.service.intent.ComputePrimeIntentService
ADDED from AndroidManifest.xml:48:5
	android:name
		ADDED from AndroidManifest.xml:48:14